<?xml version="1.0" encoding="UTF-8"?>
<!-- Generated by org.testng.reporters.JUnitReportReporter -->
<testsuite skipped="0" hostname="WGC100HXP4S73" name="dataStructures.dequeue.NearlyKSortedArray" tests="1" failures="0" timestamp="19 Oct 2021 17:16:45 GMT" time="0.016" errors="0">
  <testcase name="test1" time="0.016" classname="dataStructures.dequeue.NearlyKSortedArray"/>
</testsuite> <!-- dataStructures.dequeue.NearlyKSortedArray -->
